00:00:02.818960 VirtualBox GUI VM Selector Window 6.1.16 r140961 linux.amd64 (Nov 10 2020 10:11:31) release log
00:00:02.818963 Log opened 2020-12-19T15:25:03.881579000Z
00:00:02.818964 Build Type: release
00:00:02.818967 OS Product: Linux
00:00:02.818970 OS Release: 5.9.14-arch1-1
00:00:02.818972 OS Version: #1 SMP PREEMPT Sat, 12 Dec 2020 14:37:12 +0000
00:00:02.819005 DMI Product Name: OptiPlex 755                 
00:00:02.819024 DMI Product Version: 
00:00:02.819037 Firmware type: BIOS
00:00:02.819098 Host RAM: 3793MB (3.7GB) total, 2257MB (2.2GB) available
00:00:02.819110 Executable: /usr/lib/virtualbox/VirtualBox
00:00:02.819111 Process ID: 6822
00:00:02.819111 Package type: LINUX_64BITS_GENERIC (OSE)
00:00:02.819150 Qt version: 5.15.2
00:00:03.225276 GUI: UIMediumEnumerator: Medium-enumeration started...
00:00:06.834936 GUI: UIDesktopWidgetWatchdog::sltHandleHostScreenAvailableGeometryCalculated: Screen 0 work area is actually resized to: 5x35 x 667x712
00:00:06.846436 GUI: UIMediumEnumerator: Medium-enumeration finished!
00:00:49.582981 GUI: UIMediumEnumerator: Medium with key={{5616cd41-d940-41b3-b0b3-e48aef14466f}} created
00:00:49.962118 GUI: UIMediumEnumerator: Medium-enumeration finished!
00:01:11.462676 GUI: UIMediumEnumerator: Medium-enumeration finished!
00:01:14.819118 GUI: UIMediumEnumerator: Medium-enumeration finished!
00:01:14.946406 GUI: UIMediumEnumerator: Medium-enumeration finished!
