00:00:00.060339 main     VirtualBox XPCOM Server 6.1.16 r140961 linux.amd64 (Nov 10 2020 10:11:31) release log
00:00:00.060342 main     Log opened 2020-12-19T15:25:02.937008000Z
00:00:00.060343 main     Build Type: release
00:00:00.060347 main     OS Product: Linux
00:00:00.060349 main     OS Release: 5.9.14-arch1-1
00:00:00.060352 main     OS Version: #1 SMP PREEMPT Sat, 12 Dec 2020 14:37:12 +0000
00:00:00.060396 main     DMI Product Name: OptiPlex 755                 
00:00:00.060418 main     DMI Product Version: 
00:00:00.060435 main     Firmware type: BIOS
00:00:00.060498 main     Host RAM: 3793MB (3.7GB) total, 2261MB (2.2GB) available
00:00:00.060502 main     Executable: /usr/lib/virtualbox/VBoxSVC
00:00:00.060503 main     Process ID: 6844
00:00:00.060503 main     Package type: LINUX_64BITS_GENERIC (OSE)
00:00:00.062968 main     IPC socket path: /tmp/.vbox-madara-ipc/ipcd
00:00:00.216529 nspr-2   VirtualBox: object creation starts
00:00:00.216625 nspr-2   Home directory: '/home/madara/.config/VirtualBox'
00:00:00.231464 nspr-2   Loading settings file "/home/madara/.config/VirtualBox/VirtualBox.xml" with version "1.12-linux"
00:00:00.266009 nspr-2   HostDnsMonitor: initializing
00:00:00.266259 nspr-2   NAT: resolv.conf: nameserver 190.157.8.101
00:00:00.266275 nspr-2   NAT: resolv.conf: nameserver 190.157.8.108
00:00:00.266327 nspr-2   NAT: resolv.conf: nameserver 2800:480:ff78:5::2
00:00:00.266339 nspr-2   NAT: resolv.conf: too many nameserver lines, ignoring 2800:480:ff78:7::2
00:00:00.266355 nspr-2   HostDnsMonitor: updating information
00:00:00.266378 nspr-2   HostDnsMonitor: old information
00:00:00.266386 nspr-2     no server entries
00:00:00.266393 nspr-2     no domain set
00:00:00.266399 nspr-2     no search string entries
00:00:00.266405 nspr-2   HostDnsMonitor: new information
00:00:00.266411 nspr-2     server 1: 190.157.8.101
00:00:00.266419 nspr-2     server 2: 190.157.8.108
00:00:00.266425 nspr-2     server 3: 2800:480:ff78:5::2
00:00:00.266432 nspr-2     no domain set
00:00:00.266438 nspr-2     no search string entries
00:00:00.353643 nspr-2   VD: VDInit finished with VINF_SUCCESS
00:00:00.355215 nspr-2   ERROR [COM]: aRC=NS_ERROR_FAILURE (0x80004005) aIID={027bc463-929c-40e8-bf16-fea557cd8e7e} aComponent={SystemPropertiesWrap} aText={Cannot determine default Guest Additions ISO location. Most likely they are not available}, preserve=false aResultDetail=0
00:00:00.744773 nspr-2   Loading settings file "/home/madara/VirtualBox VMs/Windows 7/Windows 7.vbox" with version "1.15-linux"
00:00:00.766255 nspr-2   VirtualBox: object created
00:00:05.047458 nspr-2   WARNING [COM]: aRC=NS_ERROR_FAILURE (0x80004005) aIID={16ced992-5fdc-4aba-aff5-6a39bbd7c38b} aComponent={HostWrap} aText={VirtualBox is not currently allowed to access USB devices.  You can change this by adding your user to the 'vboxusers' group.  Please see the user manual for a more detailed explanation}, preserve=true  aResultDetail=0
00:00:05.578054 nspr-2   WARNING [COM]: aRC=NS_ERROR_FAILURE (0x80004005) aIID={16ced992-5fdc-4aba-aff5-6a39bbd7c38b} aComponent={HostWrap} aText={VirtualBox is not currently allowed to access USB devices.  You can change this by adding your user to the 'vboxusers' group.  Please see the user manual for a more detailed explanation}, preserve=true  aResultDetail=0
00:00:05.580270 nspr-2   WARNING [COM]: aRC=NS_ERROR_FAILURE (0x80004005) aIID={16ced992-5fdc-4aba-aff5-6a39bbd7c38b} aComponent={HostWrap} aText={VirtualBox is not currently allowed to access USB devices.  You can change this by adding your user to the 'vboxusers' group.  Please see the user manual for a more detailed explanation}, preserve=true  aResultDetail=0
00:00:12.535467 nspr-3   Saving settings file "/home/madara/.config/VirtualBox/VirtualBox.xml" with version "1.12-linux"
00:00:47.200807 createBase Saving settings file "/home/madara/.config/VirtualBox/VirtualBox.xml" with version "1.12-linux"
00:00:47.788305 nspr-3   Saving settings file "/home/madara/VirtualBox VMs/Windows/Windows.vbox" with version "1.15-linux"
00:00:47.862008 nspr-4   WARNING [COM]: aRC=NS_ERROR_FAILURE (0x80004005) aIID={16ced992-5fdc-4aba-aff5-6a39bbd7c38b} aComponent={HostWrap} aText={VirtualBox is not currently allowed to access USB devices.  You can change this by adding your user to the 'vboxusers' group.  Please see the user manual for a more detailed explanation}, preserve=true  aResultDetail=0
00:00:47.864286 nspr-4   Saving settings file "/home/madara/VirtualBox VMs/Windows/Windows.vbox" with version "1.15-linux"
00:00:47.904266 nspr-4   Saving settings file "/home/madara/.config/VirtualBox/VirtualBox.xml" with version "1.12-linux"
00:00:47.973196 nspr-3   Saving settings file "/home/madara/.config/VirtualBox/VirtualBox.xml" with version "1.12-linux"
00:00:48.026807 nspr-4   Saving settings file "/home/madara/VirtualBox VMs/Windows/Windows.vbox" with version "1.15-linux"
00:00:48.468370 nspr-3   WARNING [COM]: aRC=NS_ERROR_FAILURE (0x80004005) aIID={16ced992-5fdc-4aba-aff5-6a39bbd7c38b} aComponent={HostWrap} aText={VirtualBox is not currently allowed to access USB devices.  You can change this by adding your user to the 'vboxusers' group.  Please see the user manual for a more detailed explanation}, preserve=true  aResultDetail=0
00:00:48.798453 nspr-2   WARNING [COM]: aRC=NS_ERROR_FAILURE (0x80004005) aIID={16ced992-5fdc-4aba-aff5-6a39bbd7c38b} aComponent={HostWrap} aText={VirtualBox is not currently allowed to access USB devices.  You can change this by adding your user to the 'vboxusers' group.  Please see the user manual for a more detailed explanation}, preserve=true  aResultDetail=0
00:00:48.800218 nspr-2   WARNING [COM]: aRC=NS_ERROR_FAILURE (0x80004005) aIID={16ced992-5fdc-4aba-aff5-6a39bbd7c38b} aComponent={HostWrap} aText={VirtualBox is not currently allowed to access USB devices.  You can change this by adding your user to the 'vboxusers' group.  Please see the user manual for a more detailed explanation}, preserve=true  aResultDetail=0
00:00:51.691601 nspr-3   Launched VM: 2550144976 pid: 6882 (0x1ae2) frontend: GUI/Qt name: Windows
00:00:51.785487 nspr-3   WARNING [COM]: aRC=NS_ERROR_FAILURE (0x80004005) aIID={16ced992-5fdc-4aba-aff5-6a39bbd7c38b} aComponent={HostWrap} aText={VirtualBox is not currently allowed to access USB devices.  You can change this by adding your user to the 'vboxusers' group.  Please see the user manual for a more detailed explanation}, preserve=true  aResultDetail=0
00:00:51.787229 nspr-3   WARNING [COM]: aRC=NS_ERROR_FAILURE (0x80004005) aIID={16ced992-5fdc-4aba-aff5-6a39bbd7c38b} aComponent={HostWrap} aText={VirtualBox is not currently allowed to access USB devices.  You can change this by adding your user to the 'vboxusers' group.  Please see the user manual for a more detailed explanation}, preserve=true  aResultDetail=0
00:00:52.107754 nspr-4   WARNING [COM]: aRC=NS_ERROR_FAILURE (0x80004005) aIID={16ced992-5fdc-4aba-aff5-6a39bbd7c38b} aComponent={HostWrap} aText={VirtualBox is not currently allowed to access USB devices.  You can change this by adding your user to the 'vboxusers' group.  Please see the user manual for a more detailed explanation}, preserve=true  aResultDetail=0
00:00:52.110037 nspr-4   WARNING [COM]: aRC=NS_ERROR_FAILURE (0x80004005) aIID={16ced992-5fdc-4aba-aff5-6a39bbd7c38b} aComponent={HostWrap} aText={VirtualBox is not currently allowed to access USB devices.  You can change this by adding your user to the 'vboxusers' group.  Please see the user manual for a more detailed explanation}, preserve=true  aResultDetail=0
00:00:53.235170 nspr-2   WARNING [COM]: aRC=NS_ERROR_FAILURE (0x80004005) aIID={16ced992-5fdc-4aba-aff5-6a39bbd7c38b} aComponent={HostWrap} aText={VirtualBox is not currently allowed to access USB devices.  You can change this by adding your user to the 'vboxusers' group.  Please see the user manual for a more detailed explanation}, preserve=true  aResultDetail=0
00:00:53.237020 nspr-3   WARNING [COM]: aRC=NS_ERROR_FAILURE (0x80004005) aIID={16ced992-5fdc-4aba-aff5-6a39bbd7c38b} aComponent={HostWrap} aText={VirtualBox is not currently allowed to access USB devices.  You can change this by adding your user to the 'vboxusers' group.  Please see the user manual for a more detailed explanation}, preserve=true  aResultDetail=0
00:00:53.237566 nspr-3   ERROR [COM]: aRC=VBOX_E_OBJECT_NOT_FOUND (0x80bb0001) aIID={70401eef-c8e9-466b-9660-45cb3e9979e4} aComponent={ExtPackManagerWrap} aText={No extension pack by the name 'Oracle VM VirtualBox Extension Pack' was found}, preserve=false aResultDetail=0
00:00:53.391373 nspr-6   WARNING [COM]: aRC=NS_ERROR_FAILURE (0x80004005) aIID={16ced992-5fdc-4aba-aff5-6a39bbd7c38b} aComponent={HostWrap} aText={VirtualBox is not currently allowed to access USB devices.  You can change this by adding your user to the 'vboxusers' group.  Please see the user manual for a more detailed explanation}, preserve=true  aResultDetail=0
00:00:53.392830 nspr-2   WARNING [COM]: aRC=NS_ERROR_FAILURE (0x80004005) aIID={16ced992-5fdc-4aba-aff5-6a39bbd7c38b} aComponent={HostWrap} aText={VirtualBox is not currently allowed to access USB devices.  You can change this by adding your user to the 'vboxusers' group.  Please see the user manual for a more detailed explanation}, preserve=true  aResultDetail=0
00:00:53.465338 nspr-2   ERROR [COM]: aRC=VBOX_E_IPRT_ERROR (0x80bb0005) aIID={85632c68-b5bb-4316-a900-5eb28d3413df} aComponent={SessionMachine} aText={Saved screenshot data is not available (VERR_NOT_SUPPORTED)}, preserve=false aResultDetail=-37
00:01:09.647043 nspr-5   Saving settings file "/home/madara/.config/VirtualBox/VirtualBox.xml" with version "1.12-linux"
00:01:09.722931 nspr-5   Saving settings file "/home/madara/.config/VirtualBox/VirtualBox.xml" with version "1.12-linux"
00:01:12.988207 nspr-6   Saving settings file "/home/madara/.config/VirtualBox/VirtualBox.xml" with version "1.12-linux"
00:01:13.033683 nspr-4   WARNING [COM]: aRC=NS_ERROR_FAILURE (0x80004005) aIID={16ced992-5fdc-4aba-aff5-6a39bbd7c38b} aComponent={HostWrap} aText={VirtualBox is not currently allowed to access USB devices.  You can change this by adding your user to the 'vboxusers' group.  Please see the user manual for a more detailed explanation}, preserve=true  aResultDetail=0
00:01:13.035624 nspr-4   WARNING [COM]: aRC=NS_ERROR_FAILURE (0x80004005) aIID={16ced992-5fdc-4aba-aff5-6a39bbd7c38b} aComponent={HostWrap} aText={VirtualBox is not currently allowed to access USB devices.  You can change this by adding your user to the 'vboxusers' group.  Please see the user manual for a more detailed explanation}, preserve=true  aResultDetail=0
00:01:13.065094 nspr-4   Saving settings file "/home/madara/VirtualBox VMs/Windows/Windows.vbox" with version "1.15-linux"
00:01:13.167916 nspr-4   WARNING [COM]: aRC=NS_ERROR_FAILURE (0x80004005) aIID={16ced992-5fdc-4aba-aff5-6a39bbd7c38b} aComponent={HostWrap} aText={VirtualBox is not currently allowed to access USB devices.  You can change this by adding your user to the 'vboxusers' group.  Please see the user manual for a more detailed explanation}, preserve=true  aResultDetail=0
00:01:13.181939 nspr-3   WARNING [COM]: aRC=NS_ERROR_FAILURE (0x80004005) aIID={16ced992-5fdc-4aba-aff5-6a39bbd7c38b} aComponent={HostWrap} aText={VirtualBox is not currently allowed to access USB devices.  You can change this by adding your user to the 'vboxusers' group.  Please see the user manual for a more detailed explanation}, preserve=true  aResultDetail=0
00:01:13.252004 nspr-6   WARNING [COM]: aRC=NS_ERROR_FAILURE (0x80004005) aIID={16ced992-5fdc-4aba-aff5-6a39bbd7c38b} aComponent={HostWrap} aText={VirtualBox is not currently allowed to access USB devices.  You can change this by adding your user to the 'vboxusers' group.  Please see the user manual for a more detailed explanation}, preserve=true  aResultDetail=0
00:01:13.256879 nspr-6   WARNING [COM]: aRC=NS_ERROR_FAILURE (0x80004005) aIID={16ced992-5fdc-4aba-aff5-6a39bbd7c38b} aComponent={HostWrap} aText={VirtualBox is not currently allowed to access USB devices.  You can change this by adding your user to the 'vboxusers' group.  Please see the user manual for a more detailed explanation}, preserve=true  aResultDetail=0
00:01:13.412874 nspr-2   WARNING [COM]: aRC=NS_ERROR_FAILURE (0x80004005) aIID={16ced992-5fdc-4aba-aff5-6a39bbd7c38b} aComponent={HostWrap} aText={VirtualBox is not currently allowed to access USB devices.  You can change this by adding your user to the 'vboxusers' group.  Please see the user manual for a more detailed explanation}, preserve=true  aResultDetail=0
00:01:14.747456 nspr-2   WARNING [COM]: aRC=NS_ERROR_FAILURE (0x80004005) aIID={16ced992-5fdc-4aba-aff5-6a39bbd7c38b} aComponent={HostWrap} aText={VirtualBox is not currently allowed to access USB devices.  You can change this by adding your user to the 'vboxusers' group.  Please see the user manual for a more detailed explanation}, preserve=true  aResultDetail=0
00:01:14.749344 nspr-5   WARNING [COM]: aRC=NS_ERROR_FAILURE (0x80004005) aIID={16ced992-5fdc-4aba-aff5-6a39bbd7c38b} aComponent={HostWrap} aText={VirtualBox is not currently allowed to access USB devices.  You can change this by adding your user to the 'vboxusers' group.  Please see the user manual for a more detailed explanation}, preserve=true  aResultDetail=0
00:05:19.327251 nspr-7   Saving settings file "/home/madara/.config/VirtualBox/VirtualBox.xml" with version "1.12-linux"
00:05:19.877342 nspr-9   Saving settings file "/home/madara/.config/VirtualBox/VirtualBox.xml" with version "1.12-linux"
00:05:20.478472 nspr-9   Saving settings file "/home/madara/.config/VirtualBox/VirtualBox.xml" with version "1.12-linux"
00:05:20.749941 nspr-5   Saving settings file "/home/madara/.config/VirtualBox/VirtualBox.xml" with version "1.12-linux"
00:05:20.999764 nspr-4   Saving settings file "/home/madara/.config/VirtualBox/VirtualBox.xml" with version "1.12-linux"
00:21:37.765427 nspr-9   ERROR [COM]: aRC=NS_ERROR_FAILURE (0x80004005) aIID={027bc463-929c-40e8-bf16-fea557cd8e7e} aComponent={SystemPropertiesWrap} aText={Cannot determine default Guest Additions ISO location. Most likely they are not available}, preserve=false aResultDetail=0
00:22:08.162519 nspr-7   Saving settings file "/home/madara/.config/VirtualBox/VirtualBox.xml" with version "1.12-linux"
00:22:08.243698 nspr-3   Saving settings file "/home/madara/VirtualBox VMs/Windows/Windows.vbox" with version "1.15-linux"
00:28:11.188168 nspr-10  Saving settings file "/home/madara/VirtualBox VMs/Windows/Windows.vbox" with version "1.15-linux"
00:36:57.830490 nspr-28  WARNING [COM]: aRC=NS_ERROR_FAILURE (0x80004005) aIID={16ced992-5fdc-4aba-aff5-6a39bbd7c38b} aComponent={HostWrap} aText={VirtualBox is not currently allowed to access USB devices.  You can change this by adding your user to the 'vboxusers' group.  Please see the user manual for a more detailed explanation}, preserve=false aResultDetail=0
00:38:36.591369 nspr-16  Saving settings file "/home/madara/VirtualBox VMs/Windows/Windows.vbox" with version "1.15-linux"
00:38:36.784668 nspr-3   Saving settings file "/home/madara/VirtualBox VMs/Windows/Windows.vbox" with version "1.15-linux"
00:38:37.570248 nspr-21  Saving settings file "/home/madara/VirtualBox VMs/Windows/Windows.vbox" with version "1.15-linux"
00:38:37.725533 nspr-23  Saving settings file "/home/madara/VirtualBox VMs/Windows/Windows.vbox" with version "1.15-linux"
00:38:44.307508 main     VirtualBox: object deletion starts
00:38:44.307594 main     ERROR [COM]: aRC=VBOX_E_OBJECT_IN_USE (0x80bb000c) aIID={ad47ad09-787b-44ab-b343-a082a3f2dfb1} aComponent={MediumWrap} aText={Medium '/home/madara/VirtualBox VMs/Windows/Windows.vdi' cannot be closed because it is still attached to 1 virtual machines}, preserve=false aResultDetail=0
00:38:44.308182 main     HostDnsMonitor: shutting down ...
00:38:44.313067 main     HostDnsMonitor: shut down
00:38:44.314505 Watcher  ERROR [COM]: aRC=E_ACCESSDENIED (0x80070005) aIID={d0a0163f-e254-4e5b-a1f2-011cf991c38d} aComponent={VirtualBoxWrap} aText={The object is not ready}, preserve=false aResultDetail=0
00:38:49.313241 main     {00007f869c016510} HostPowerServiceLinux::~HostPowerServiceLinux: RTThreadWait() for 5000 ms failed with VERR_TIMEOUT
00:38:49.313705 main     VirtualBox: object deleted
